<?xml version="1.0" encoding="UTF-8"?>
<!-- Generated by org.testng.reporters.JUnitXMLReporter -->
<testsuite hostname="LH7U05CG51708SQ" name="Default test" tests="3" failures="0" timestamp="22 Nov 2018 01:59:07 GMT" time="0.069" errors="0">
  <testcase name="Test1" time="0.023" classname="com.Batch3git.com.Batch3git.AppTest"/>
  <testcase name="Test2" time="0.003" classname="com.Batch3git.com.Batch3git.AppTest"/>
  <testcase name="Test3" time="0.002" classname="com.Batch3git.com.Batch3git.AppTest"/>
</testsuite> <!-- Default test -->
