<?xml version="1.0" encoding="UTF-8"?>
<testng-results skipped="0" failed="0" total="3" passed="3">
  <reporter-output>
  </reporter-output>
  <suite name="com.Batch3git.com.Batch3git.AppTest" duration-ms="42" started-at="2018-11-22T02:04:24Z" finished-at="2018-11-22T02:04:24Z">
    <groups>
    </groups>
    <test name="Command line test" duration-ms="42" started-at="2018-11-22T02:04:24Z" finished-at="2018-11-22T02:04:24Z">
      <class name="com.Batch3git.com.Batch3git.AppTest">
        <test-method status="PASS" signature="Test1()[pri:0, instance:com.Batch3git.com.Batch3git.AppTest@2752f6e2]" name="Test1" duration-ms="17" started-at="2018-11-22T07:34:24Z" finished-at="2018-11-22T07:34:24Z">
          <reporter-output>
          </reporter-output>
        </test-method> <!-- Test1 -->
        <test-method status="PASS" signature="Test2()[pri:0, instance:com.Batch3git.com.Batch3git.AppTest@2752f6e2]" name="Test2" duration-ms="0" started-at="2018-11-22T07:34:24Z" finished-at="2018-11-22T07:34:24Z">
          <reporter-output>
          </reporter-output>
        </test-method> <!-- Test2 -->
        <test-method status="PASS" signature="Test3()[pri:0, instance:com.Batch3git.com.Batch3git.AppTest@2752f6e2]" name="Test3" duration-ms="0" started-at="2018-11-22T07:34:24Z" finished-at="2018-11-22T07:34:24Z">
          <reporter-output>
          </reporter-output>
        </test-method> <!-- Test3 -->
      </class> <!-- com.Batch3git.com.Batch3git.AppTest -->
    </test> <!-- Command line test -->
  </suite> <!-- com.Batch3git.com.Batch3git.AppTest -->
</testng-results>
