<?xml version="1.0" encoding="UTF-8"?>
<testng-results skipped="0" failed="0" total="3" passed="3">
  <reporter-output>
  </reporter-output>
  <suite name="Default suite" duration-ms="69" started-at="2018-11-22T01:59:07Z" finished-at="2018-11-22T01:59:07Z">
    <groups>
    </groups>
    <test name="Default test" duration-ms="69" started-at="2018-11-22T01:59:07Z" finished-at="2018-11-22T01:59:07Z">
      <class name="com.Batch3git.com.Batch3git.AppTest">
        <test-method status="PASS" signature="Test1()[pri:0, instance:com.Batch3git.com.Batch3git.AppTest@1efbd816]" name="Test1" duration-ms="23" started-at="2018-11-22T07:29:07Z" finished-at="2018-11-22T07:29:07Z">
          <reporter-output>
          </reporter-output>
        </test-method> <!-- Test1 -->
        <test-method status="PASS" signature="Test2()[pri:0, instance:com.Batch3git.com.Batch3git.AppTest@1efbd816]" name="Test2" duration-ms="3" started-at="2018-11-22T07:29:07Z" finished-at="2018-11-22T07:29:07Z">
          <reporter-output>
          </reporter-output>
        </test-method> <!-- Test2 -->
        <test-method status="PASS" signature="Test3()[pri:0, instance:com.Batch3git.com.Batch3git.AppTest@1efbd816]" name="Test3" duration-ms="2" started-at="2018-11-22T07:29:07Z" finished-at="2018-11-22T07:29:07Z">
          <reporter-output>
          </reporter-output>
        </test-method> <!-- Test3 -->
      </class> <!-- com.Batch3git.com.Batch3git.AppTest -->
    </test> <!-- Default test -->
  </suite> <!-- Default suite -->
</testng-results>
